<?xml version="1.0" encoding="UTF-8"?>
<!-- Generated by org.testng.reporters.JUnitXMLReporter -->
<testsuite ignored="4" hostname="rajanagama-mbp" failures="0" tests="1" name="Default test" time="2.031" errors="0" timestamp="2022-03-18T13:25:02 PDT">
  <testcase classname="login.LoginTest" name="loginTest" time="2.008"/>
  <testcase classname="login.LoginTest" name="productPageTest" time="0.0">
    <ignored/>
  </testcase> <!-- productPageTest -->
  <testcase classname="login.LoginTest" name="checkoutPageTest" time="0.0">
    <ignored/>
  </testcase> <!-- checkoutPageTest -->
  <testcase classname="login.LoginTest" name="addressTest" time="0.0">
    <ignored/>
  </testcase> <!-- addressTest -->
  <testcase classname="login.LoginTest" name="verifyProductPage" time="0.0">
    <ignored/>
  </testcase> <!-- verifyProductPage -->
</testsuite> <!-- Default test -->
