<?xml version="1.0" encoding="UTF-8"?>
<!-- Generated by org.testng.reporters.JUnitXMLReporter -->
<testsuite ignored="0" hostname="rajanagama-mbp" failures="0" tests="3" name="SanityTest" time="6.034" errors="0" timestamp="2022-03-18T15:43:42 PDT">
  <testcase classname="sauce_demo.happy_flow" name="Add_to_cart" time="2.006"/>
  <testcase classname="sauce_demo.happy_flow" name="product_page" time="2.002"/>
  <testcase classname="sauce_demo.happy_flow" name="verify_cart" time="2.002"/>
</testsuite> <!-- SanityTest -->
